

Started GET "/" for ::1 at 2016-03-19 02:11:30 +0100
Processing by Rails::WelcomeController#index as HTML
  Rendered /usr/local/lib/ruby/gems/2.2.0/gems/railties-4.2.5.1/lib/rails/templates/rails/welcome/index.html.erb (2.8ms)
Completed 200 OK in 40ms (Views: 40.0ms | ActiveRecord: 0.0ms)


Started GET "/home" for ::1 at 2016-03-19 02:11:37 +0100

ActionController::RoutingError (No route matches [GET] "/home"):
  actionpack (4.2.5.1) lib/action_dispatch/middleware/debug_exceptions.rb:21:in `call'
  web-console (2.3.0) lib/web_console/middleware.rb:28:in `block in call'
  web-console (2.3.0) lib/web_console/middleware.rb:18:in `catch'
  web-console (2.3.0) lib/web_console/middleware.rb:18:in `call'
  actionpack (4.2.5.1) lib/action_dispatch/middleware/show_exceptions.rb:30:in `call'
  railties (4.2.5.1) lib/rails/rack/logger.rb:38:in `call_app'
  railties (4.2.5.1) lib/rails/rack/logger.rb:20:in `block in call'
  activesupport (4.2.5.1) lib/active_support/tagged_logging.rb:68:in `block in tagged'
  activesupport (4.2.5.1) lib/active_support/tagged_logging.rb:26:in `tagged'
  activesupport (4.2.5.1) lib/active_support/tagged_logging.rb:68:in `tagged'
  railties (4.2.5.1) lib/rails/rack/logger.rb:20:in `call'
  actionpack (4.2.5.1) lib/action_dispatch/middleware/request_id.rb:21:in `call'
  rack (1.6.4) lib/rack/methodoverride.rb:22:in `call'
  rack (1.6.4) lib/rack/runtime.rb:18:in `call'
  activesupport (4.2.5.1) lib/active_support/cache/strategy/local_cache_middleware.rb:28:in `call'
  rack (1.6.4) lib/rack/lock.rb:17:in `call'
  actionpack (4.2.5.1) lib/action_dispatch/middleware/static.rb:116:in `call'
  rack (1.6.4) lib/rack/sendfile.rb:113:in `call'
  railties (4.2.5.1) lib/rails/engine.rb:518:in `call'
  railties (4.2.5.1) lib/rails/application.rb:165:in `call'
  rack (1.6.4) lib/rack/lock.rb:17:in `call'
  rack (1.6.4) lib/rack/content_length.rb:15:in `call'
  rack (1.6.4) lib/rack/handler/webrick.rb:88:in `service'
  /usr/local/Cellar/ruby/2.2.3/lib/ruby/2.2.0/webrick/httpserver.rb:138:in `service'
  /usr/local/Cellar/ruby/2.2.3/lib/ruby/2.2.0/webrick/httpserver.rb:94:in `run'
  /usr/local/Cellar/ruby/2.2.3/lib/ruby/2.2.0/webrick/server.rb:294:in `block in start_thread'


  Rendered /usr/local/lib/ruby/gems/2.2.0/gems/actionpack-4.2.5.1/lib/action_dispatch/middleware/templates/rescues/_trace.html.erb (2.6ms)
  Rendered /usr/local/lib/ruby/gems/2.2.0/gems/actionpack-4.2.5.1/lib/action_dispatch/middleware/templates/routes/_table.html.erb (41.0ms)
  Rendered /usr/local/lib/ruby/gems/2.2.0/gems/actionpack-4.2.5.1/lib/action_dispatch/middleware/templates/rescues/_request_and_response.html.erb (25.9ms)
  Rendered /usr/local/lib/ruby/gems/2.2.0/gems/actionpack-4.2.5.1/lib/action_dispatch/middleware/templates/rescues/routing_error.html.erb within rescues/layout (150.1ms)
  Rendered /usr/local/lib/ruby/gems/2.2.0/gems/web-console-2.3.0/lib/web_console/templates/_markup.html.erb (0.6ms)
  Rendered /usr/local/lib/ruby/gems/2.2.0/gems/web-console-2.3.0/lib/web_console/templates/_inner_console_markup.html.erb within layouts/inlined_string (0.5ms)
  Rendered /usr/local/lib/ruby/gems/2.2.0/gems/web-console-2.3.0/lib/web_console/templates/_prompt_box_markup.html.erb within layouts/inlined_string (0.4ms)
  Rendered /usr/local/lib/ruby/gems/2.2.0/gems/web-console-2.3.0/lib/web_console/templates/style.css.erb within layouts/inlined_string (0.4ms)
  Rendered /usr/local/lib/ruby/gems/2.2.0/gems/web-console-2.3.0/lib/web_console/templates/console.js.erb within layouts/javascript (135.7ms)
  Rendered /usr/local/lib/ruby/gems/2.2.0/gems/web-console-2.3.0/lib/web_console/templates/main.js.erb within layouts/javascript (0.4ms)
  Rendered /usr/local/lib/ruby/gems/2.2.0/gems/web-console-2.3.0/lib/web_console/templates/error_page.js.erb within layouts/javascript (0.7ms)
  Rendered /usr/local/lib/ruby/gems/2.2.0/gems/web-console-2.3.0/lib/web_console/templates/index.html.erb (253.5ms)


Started GET "/" for ::1 at 2016-03-19 02:13:05 +0100
Processing by ApplicationController#angular as HTML
  Rendered layouts/application.html.erb within layouts/application (390.4ms)
Completed 200 OK in 420ms (Views: 419.3ms | ActiveRecord: 0.0ms)


Started GET "/assets/application.self-4af65940d08203c9e5f3aece6d2f92a89b2738408b90502babdf9f210bd8a0ac.css?body=1" for ::1 at 2016-03-19 02:13:06 +0100


Started GET "/assets/site.self-609ad32e5a7f0a49fe6a2ed8956cc855410ff04ca24fe2000ca0d5f68670f80b.js?body=1" for ::1 at 2016-03-19 02:13:06 +0100


Started GET "/assets/application.self-e3b0c44298fc1c149afbf4c8996fb92427ae41e4649b934ca495991b7852b855.js?body=1" for ::1 at 2016-03-19 02:13:06 +0100


Started GET "/" for ::1 at 2016-03-19 02:13:08 +0100
Processing by ApplicationController#angular as HTML
  Rendered layouts/application.html.erb within layouts/application (5.4ms)
Completed 200 OK in 10ms (Views: 9.9ms | ActiveRecord: 0.0ms)


Started GET "/assets/application.self-4af65940d08203c9e5f3aece6d2f92a89b2738408b90502babdf9f210bd8a0ac.css?body=1" for ::1 at 2016-03-19 02:13:08 +0100


Started GET "/assets/site.self-609ad32e5a7f0a49fe6a2ed8956cc855410ff04ca24fe2000ca0d5f68670f80b.js?body=1" for ::1 at 2016-03-19 02:13:08 +0100


Started GET "/assets/application.self-e3b0c44298fc1c149afbf4c8996fb92427ae41e4649b934ca495991b7852b855.js?body=1" for ::1 at 2016-03-19 02:13:08 +0100


Started GET "/home" for ::1 at 2016-03-19 02:13:15 +0100

ActionController::RoutingError (No route matches [GET] "/home"):
  actionpack (4.2.5.1) lib/action_dispatch/middleware/debug_exceptions.rb:21:in `call'
  web-console (2.3.0) lib/web_console/middleware.rb:28:in `block in call'
  web-console (2.3.0) lib/web_console/middleware.rb:18:in `catch'
  web-console (2.3.0) lib/web_console/middleware.rb:18:in `call'
  actionpack (4.2.5.1) lib/action_dispatch/middleware/show_exceptions.rb:30:in `call'
  railties (4.2.5.1) lib/rails/rack/logger.rb:38:in `call_app'
  railties (4.2.5.1) lib/rails/rack/logger.rb:20:in `block in call'
  activesupport (4.2.5.1) lib/active_support/tagged_logging.rb:68:in `block in tagged'
  activesupport (4.2.5.1) lib/active_support/tagged_logging.rb:26:in `tagged'
  activesupport (4.2.5.1) lib/active_support/tagged_logging.rb:68:in `tagged'
  railties (4.2.5.1) lib/rails/rack/logger.rb:20:in `call'
  actionpack (4.2.5.1) lib/action_dispatch/middleware/request_id.rb:21:in `call'
  rack (1.6.4) lib/rack/methodoverride.rb:22:in `call'
  rack (1.6.4) lib/rack/runtime.rb:18:in `call'
  activesupport (4.2.5.1) lib/active_support/cache/strategy/local_cache_middleware.rb:28:in `call'
  rack (1.6.4) lib/rack/lock.rb:17:in `call'
  actionpack (4.2.5.1) lib/action_dispatch/middleware/static.rb:116:in `call'
  rack (1.6.4) lib/rack/sendfile.rb:113:in `call'
  railties (4.2.5.1) lib/rails/engine.rb:518:in `call'
  railties (4.2.5.1) lib/rails/application.rb:165:in `call'
  rack (1.6.4) lib/rack/lock.rb:17:in `call'
  rack (1.6.4) lib/rack/content_length.rb:15:in `call'
  rack (1.6.4) lib/rack/handler/webrick.rb:88:in `service'
  /usr/local/Cellar/ruby/2.2.3/lib/ruby/2.2.0/webrick/httpserver.rb:138:in `service'
  /usr/local/Cellar/ruby/2.2.3/lib/ruby/2.2.0/webrick/httpserver.rb:94:in `run'
  /usr/local/Cellar/ruby/2.2.3/lib/ruby/2.2.0/webrick/server.rb:294:in `block in start_thread'


  Rendered /usr/local/lib/ruby/gems/2.2.0/gems/actionpack-4.2.5.1/lib/action_dispatch/middleware/templates/rescues/_trace.html.erb (4.7ms)
  Rendered /usr/local/lib/ruby/gems/2.2.0/gems/actionpack-4.2.5.1/lib/action_dispatch/middleware/templates/routes/_route.html.erb (3.0ms)
  Rendered /usr/local/lib/ruby/gems/2.2.0/gems/actionpack-4.2.5.1/lib/action_dispatch/middleware/templates/routes/_table.html.erb (2.6ms)
  Rendered /usr/local/lib/ruby/gems/2.2.0/gems/actionpack-4.2.5.1/lib/action_dispatch/middleware/templates/rescues/_request_and_response.html.erb (2.6ms)
  Rendered /usr/local/lib/ruby/gems/2.2.0/gems/actionpack-4.2.5.1/lib/action_dispatch/middleware/templates/rescues/routing_error.html.erb within rescues/layout (100.4ms)
  Rendered /usr/local/lib/ruby/gems/2.2.0/gems/web-console-2.3.0/lib/web_console/templates/_markup.html.erb (1.3ms)
  Rendered /usr/local/lib/ruby/gems/2.2.0/gems/web-console-2.3.0/lib/web_console/templates/_inner_console_markup.html.erb within layouts/inlined_string (0.5ms)
  Rendered /usr/local/lib/ruby/gems/2.2.0/gems/web-console-2.3.0/lib/web_console/templates/_prompt_box_markup.html.erb within layouts/inlined_string (0.3ms)
  Rendered /usr/local/lib/ruby/gems/2.2.0/gems/web-console-2.3.0/lib/web_console/templates/style.css.erb within layouts/inlined_string (1.3ms)
  Rendered /usr/local/lib/ruby/gems/2.2.0/gems/web-console-2.3.0/lib/web_console/templates/console.js.erb within layouts/javascript (80.6ms)
  Rendered /usr/local/lib/ruby/gems/2.2.0/gems/web-console-2.3.0/lib/web_console/templates/main.js.erb within layouts/javascript (0.4ms)
  Rendered /usr/local/lib/ruby/gems/2.2.0/gems/web-console-2.3.0/lib/web_console/templates/error_page.js.erb within layouts/javascript (0.6ms)
  Rendered /usr/local/lib/ruby/gems/2.2.0/gems/web-console-2.3.0/lib/web_console/templates/index.html.erb (199.2ms)


Started GET "/" for ::1 at 2016-03-19 02:13:27 +0100
Processing by ApplicationController#angular as HTML
  Rendered layouts/application.html.erb within layouts/application (8.2ms)
Completed 200 OK in 20ms (Views: 19.2ms | ActiveRecord: 0.0ms)


Started GET "/assets/application.self-4af65940d08203c9e5f3aece6d2f92a89b2738408b90502babdf9f210bd8a0ac.css?body=1" for ::1 at 2016-03-19 02:13:27 +0100


Started GET "/assets/site.self-609ad32e5a7f0a49fe6a2ed8956cc855410ff04ca24fe2000ca0d5f68670f80b.js?body=1" for ::1 at 2016-03-19 02:13:27 +0100


Started GET "/assets/application.self-e3b0c44298fc1c149afbf4c8996fb92427ae41e4649b934ca495991b7852b855.js?body=1" for ::1 at 2016-03-19 02:13:27 +0100


Started GET "/" for ::1 at 2016-03-19 02:13:47 +0100
Processing by ApplicationController#angular as HTML
  Rendered layouts/application.html.erb within layouts/application (247.2ms)
Completed 200 OK in 281ms (Views: 281.1ms | ActiveRecord: 0.0ms)


Started GET "/assets/application.self-4af65940d08203c9e5f3aece6d2f92a89b2738408b90502babdf9f210bd8a0ac.css?body=1" for ::1 at 2016-03-19 02:13:47 +0100


Started GET "/assets/site.self-609ad32e5a7f0a49fe6a2ed8956cc855410ff04ca24fe2000ca0d5f68670f80b.js?body=1" for ::1 at 2016-03-19 02:13:47 +0100


Started GET "/assets/application.self-e3b0c44298fc1c149afbf4c8996fb92427ae41e4649b934ca495991b7852b855.js?body=1" for ::1 at 2016-03-19 02:13:47 +0100


Started GET "/" for ::1 at 2016-03-19 02:14:20 +0100
Processing by ApplicationController#angular as HTML
  Rendered layouts/application.html.erb within layouts/application (28.5ms)
Completed 200 OK in 33ms (Views: 33.2ms | ActiveRecord: 0.0ms)


Started GET "/assets/application.self-4af65940d08203c9e5f3aece6d2f92a89b2738408b90502babdf9f210bd8a0ac.css?body=1" for ::1 at 2016-03-19 02:14:20 +0100


Started GET "/assets/application.self-e3b0c44298fc1c149afbf4c8996fb92427ae41e4649b934ca495991b7852b855.js?body=1" for ::1 at 2016-03-19 02:14:20 +0100


Started GET "/assets/app.self-609ad32e5a7f0a49fe6a2ed8956cc855410ff04ca24fe2000ca0d5f68670f80b.js?body=1" for ::1 at 2016-03-19 02:14:20 +0100


Started GET "/" for ::1 at 2016-03-19 02:18:15 +0100
Processing by ApplicationController#angular as HTML
  Rendered layouts/application.html.erb within layouts/application (362.1ms)
Completed 200 OK in 445ms (Views: 444.9ms | ActiveRecord: 0.0ms)


Started GET "/" for ::1 at 2016-03-19 02:26:18 +0100
Processing by ApplicationController#angular as HTML
  Rendered layouts/application.html.erb within layouts/application (1166.6ms)
Completed 200 OK in 1215ms (Views: 1214.3ms | ActiveRecord: 0.0ms)


Started GET "/assets/bootstrap/dist/css/bootstrap.self-598365399e6ae8f5a456a189663bac8ef9b8996ace38626328403f280fd63400.css?body=1" for ::1 at 2016-03-19 02:26:20 +0100


Started GET "/assets/application.self-052e8f157e9a4be0b83d9779c9c525ade9eddd5524a516fc4abc27e06223fb5d.css?body=1" for ::1 at 2016-03-19 02:26:20 +0100


Started GET "/assets/angular/angular.self-ec90f1bc6b0a1933fd10110a56f5146967f507e38fbbb985ba76b4c9af5bc83a.js?body=1" for ::1 at 2016-03-19 02:26:20 +0100


Started GET "/assets/app.self-609ad32e5a7f0a49fe6a2ed8956cc855410ff04ca24fe2000ca0d5f68670f80b.js?body=1" for ::1 at 2016-03-19 02:26:20 +0100


Started GET "/assets/angular-ui-router/release/angular-ui-router.self-0c002d1f8115d21a4b7a82980f422bfa3c96f7d704dcc34367283b0fe61c6717.js?body=1" for ::1 at 2016-03-19 02:26:20 +0100


Started GET "/assets/min/application-min.self-e3b0c44298fc1c149afbf4c8996fb92427ae41e4649b934ca495991b7852b855.js?body=1" for ::1 at 2016-03-19 02:26:20 +0100


Started GET "/assets/application.self-6a3cf5192354f71615ac51034b3e97c20eda99643fcaf5bbe6d41ad59bd12167.js?body=1" for ::1 at 2016-03-19 02:26:20 +0100


Started GET "/assets/bootstrap/dist/fonts/glyphicons-halflings-regular.woff2" for ::1 at 2016-03-19 02:26:20 +0100


Started GET "/" for ::1 at 2016-03-21 15:53:17 +0100
Processing by ApplicationController#angular as HTML
  Rendered layouts/application.html.erb within layouts/application (733.8ms)
Completed 200 OK in 752ms (Views: 752.0ms | ActiveRecord: 0.0ms)


Started GET "/assets/bootstrap/dist/css/bootstrap.self-598365399e6ae8f5a456a189663bac8ef9b8996ace38626328403f280fd63400.css?body=1" for ::1 at 2016-03-21 15:53:18 +0100


Started GET "/assets/angular/angular.self-ec90f1bc6b0a1933fd10110a56f5146967f507e38fbbb985ba76b4c9af5bc83a.js?body=1" for ::1 at 2016-03-21 15:53:18 +0100


Started GET "/assets/application.self-052e8f157e9a4be0b83d9779c9c525ade9eddd5524a516fc4abc27e06223fb5d.css?body=1" for ::1 at 2016-03-21 15:53:18 +0100


Started GET "/assets/angular-ui-router/release/angular-ui-router.self-0c002d1f8115d21a4b7a82980f422bfa3c96f7d704dcc34367283b0fe61c6717.js?body=1" for ::1 at 2016-03-21 15:53:18 +0100


Started GET "/assets/app.self-5a77f0a887b38006935cf1c6daceee8e5689a85f0a4d90d6ec8972cd895b107d.js?body=1" for ::1 at 2016-03-21 15:53:18 +0100


Started GET "/assets/application.self-6a3cf5192354f71615ac51034b3e97c20eda99643fcaf5bbe6d41ad59bd12167.js?body=1" for ::1 at 2016-03-21 15:53:18 +0100


Started GET "/assets/bootstrap/dist/css/bootstrap.css.map" for ::1 at 2016-03-21 15:53:18 +0100


Started GET "/assets/bootstrap/dist/fonts/glyphicons-halflings-regular.woff2" for ::1 at 2016-03-21 15:53:18 +0100


Started GET "/yay" for ::1 at 2016-03-21 15:53:24 +0100

ActionController::RoutingError (No route matches [GET] "/yay"):
  actionpack (4.2.5.1) lib/action_dispatch/middleware/debug_exceptions.rb:21:in `call'
  web-console (2.3.0) lib/web_console/middleware.rb:28:in `block in call'
  web-console (2.3.0) lib/web_console/middleware.rb:18:in `catch'
  web-console (2.3.0) lib/web_console/middleware.rb:18:in `call'
  actionpack (4.2.5.1) lib/action_dispatch/middleware/show_exceptions.rb:30:in `call'
  railties (4.2.5.1) lib/rails/rack/logger.rb:38:in `call_app'
  railties (4.2.5.1) lib/rails/rack/logger.rb:20:in `block in call'
  activesupport (4.2.5.1) lib/active_support/tagged_logging.rb:68:in `block in tagged'
  activesupport (4.2.5.1) lib/active_support/tagged_logging.rb:26:in `tagged'
  activesupport (4.2.5.1) lib/active_support/tagged_logging.rb:68:in `tagged'
  railties (4.2.5.1) lib/rails/rack/logger.rb:20:in `call'
  actionpack (4.2.5.1) lib/action_dispatch/middleware/request_id.rb:21:in `call'
  rack (1.6.4) lib/rack/methodoverride.rb:22:in `call'
  rack (1.6.4) lib/rack/runtime.rb:18:in `call'
  activesupport (4.2.5.1) lib/active_support/cache/strategy/local_cache_middleware.rb:28:in `call'
  rack (1.6.4) lib/rack/lock.rb:17:in `call'
  actionpack (4.2.5.1) lib/action_dispatch/middleware/static.rb:116:in `call'
  rack (1.6.4) lib/rack/sendfile.rb:113:in `call'
  railties (4.2.5.1) lib/rails/engine.rb:518:in `call'
  railties (4.2.5.1) lib/rails/application.rb:165:in `call'
  rack (1.6.4) lib/rack/lock.rb:17:in `call'
  rack (1.6.4) lib/rack/content_length.rb:15:in `call'
  rack (1.6.4) lib/rack/handler/webrick.rb:88:in `service'
  /usr/local/Cellar/ruby/2.2.3/lib/ruby/2.2.0/webrick/httpserver.rb:138:in `service'
  /usr/local/Cellar/ruby/2.2.3/lib/ruby/2.2.0/webrick/httpserver.rb:94:in `run'
  /usr/local/Cellar/ruby/2.2.3/lib/ruby/2.2.0/webrick/server.rb:294:in `block in start_thread'


  Rendered /usr/local/lib/ruby/gems/2.2.0/gems/actionpack-4.2.5.1/lib/action_dispatch/middleware/templates/rescues/_trace.html.erb (1.6ms)
  Rendered /usr/local/lib/ruby/gems/2.2.0/gems/actionpack-4.2.5.1/lib/action_dispatch/middleware/templates/routes/_route.html.erb (0.9ms)
  Rendered /usr/local/lib/ruby/gems/2.2.0/gems/actionpack-4.2.5.1/lib/action_dispatch/middleware/templates/routes/_table.html.erb (8.8ms)
  Rendered /usr/local/lib/ruby/gems/2.2.0/gems/actionpack-4.2.5.1/lib/action_dispatch/middleware/templates/rescues/_request_and_response.html.erb (1.9ms)
  Rendered /usr/local/lib/ruby/gems/2.2.0/gems/actionpack-4.2.5.1/lib/action_dispatch/middleware/templates/rescues/routing_error.html.erb within rescues/layout (86.1ms)
  Rendered /usr/local/lib/ruby/gems/2.2.0/gems/web-console-2.3.0/lib/web_console/templates/_markup.html.erb (0.5ms)
  Rendered /usr/local/lib/ruby/gems/2.2.0/gems/web-console-2.3.0/lib/web_console/templates/_inner_console_markup.html.erb within layouts/inlined_string (0.4ms)
  Rendered /usr/local/lib/ruby/gems/2.2.0/gems/web-console-2.3.0/lib/web_console/templates/_prompt_box_markup.html.erb within layouts/inlined_string (0.4ms)
  Rendered /usr/local/lib/ruby/gems/2.2.0/gems/web-console-2.3.0/lib/web_console/templates/style.css.erb within layouts/inlined_string (0.4ms)
  Rendered /usr/local/lib/ruby/gems/2.2.0/gems/web-console-2.3.0/lib/web_console/templates/console.js.erb within layouts/javascript (59.1ms)
  Rendered /usr/local/lib/ruby/gems/2.2.0/gems/web-console-2.3.0/lib/web_console/templates/main.js.erb within layouts/javascript (0.4ms)
  Rendered /usr/local/lib/ruby/gems/2.2.0/gems/web-console-2.3.0/lib/web_console/templates/error_page.js.erb within layouts/javascript (0.5ms)
  Rendered /usr/local/lib/ruby/gems/2.2.0/gems/web-console-2.3.0/lib/web_console/templates/index.html.erb (123.7ms)


Started GET "/assets/bootstrap/dist/css/bootstrap.css.map" for ::1 at 2016-03-21 15:53:26 +0100
  [1m[36m (1.3ms)[0m  [1mCREATE TABLE "schema_migrations" ("version" varchar NOT NULL) [0m
  [1m[35m (0.1ms)[0m  select sqlite_version(*)
  [1m[36m (1.2ms)[0m  [1mCREATE UNIQUE INDEX "unique_schema_migrations" ON "schema_migrations" ("version")[0m
  [1m[35mActiveRecord::SchemaMigration Load (0.1ms)[0m  SELECT "schema_migrations".* FROM "schema_migrations"
Migrating to CreatePosts (20160321145500)
  [1m[36m (0.1ms)[0m  [1mbegin transaction[0m
  [1m[35m (0.5ms)[0m  CREATE TABLE "posts" ("id" INTEGER PRIMARY KEY AUTOINCREMENT NOT NULL, "title" varchar, "link" varchar, "upvotes" integer, "created_at" datetime NOT NULL, "updated_at" datetime NOT NULL) 
  [1m[36mSQL (0.2ms)[0m  [1mINSERT INTO "schema_migrations" ("version") VALUES (?)[0m  [["version", "20160321145500"]]
  [1m[35m (1.6ms)[0m  commit transaction
Migrating to CreateComments (20160321145525)
  [1m[36m (0.1ms)[0m  [1mbegin transaction[0m
  [1m[35m (0.4ms)[0m  CREATE TABLE "comments" ("id" INTEGER PRIMARY KEY AUTOINCREMENT NOT NULL, "body" varchar, "upvotes" integer, "post_id" integer, "created_at" datetime NOT NULL, "updated_at" datetime NOT NULL) 
  [1m[36m (0.1ms)[0m  [1mCREATE  INDEX "index_comments_on_post_id" ON "comments" ("post_id")[0m
  [1m[35mSQL (0.3ms)[0m  INSERT INTO "schema_migrations" ("version") VALUES (?)  [["version", "20160321145525"]]
  [1m[36m (2.5ms)[0m  [1mcommit transaction[0m
  [1m[35mActiveRecord::SchemaMigration Load (0.1ms)[0m  SELECT "schema_migrations".* FROM "schema_migrations"
  [1m[36m (0.1ms)[0m  [1m            SELECT sql
            FROM sqlite_master
            WHERE name='index_comments_on_post_id' AND type='index'
            UNION ALL
            SELECT sql
            FROM sqlite_temp_master
            WHERE name='index_comments_on_post_id' AND type='index'
[0m


Started GET "/" for ::1 at 2016-03-21 16:10:33 +0100
  [1m[36mActiveRecord::SchemaMigration Load (0.2ms)[0m  [1mSELECT "schema_migrations".* FROM "schema_migrations"[0m

ActionController::RoutingError (The controller-level `respond_to' feature has been extracted to the `responders` gem. Add it to your Gemfile to continue using this feature:
  gem 'responders', '~> 2.0'
Consult the Rails upgrade guide for details.):
  app/controllers/application_controller.rb:7:in `<class:ApplicationController>'
  app/controllers/application_controller.rb:1:in `<top (required)>'


  Rendered /usr/local/lib/ruby/gems/2.2.0/gems/actionpack-4.2.5.1/lib/action_dispatch/middleware/templates/rescues/_trace.html.erb (2.4ms)
  Rendered /usr/local/lib/ruby/gems/2.2.0/gems/actionpack-4.2.5.1/lib/action_dispatch/middleware/templates/routes/_route.html.erb (1.3ms)
  Rendered /usr/local/lib/ruby/gems/2.2.0/gems/actionpack-4.2.5.1/lib/action_dispatch/middleware/templates/routes/_table.html.erb (6.2ms)
  Rendered /usr/local/lib/ruby/gems/2.2.0/gems/actionpack-4.2.5.1/lib/action_dispatch/middleware/templates/rescues/_request_and_response.html.erb (11.6ms)
  Rendered /usr/local/lib/ruby/gems/2.2.0/gems/actionpack-4.2.5.1/lib/action_dispatch/middleware/templates/rescues/routing_error.html.erb within rescues/layout (101.8ms)
  Rendered /usr/local/lib/ruby/gems/2.2.0/gems/web-console-2.3.0/lib/web_console/templates/_markup.html.erb (0.5ms)
  Rendered /usr/local/lib/ruby/gems/2.2.0/gems/web-console-2.3.0/lib/web_console/templates/_inner_console_markup.html.erb within layouts/inlined_string (0.4ms)
  Rendered /usr/local/lib/ruby/gems/2.2.0/gems/web-console-2.3.0/lib/web_console/templates/_prompt_box_markup.html.erb within layouts/inlined_string (0.3ms)
  Rendered /usr/local/lib/ruby/gems/2.2.0/gems/web-console-2.3.0/lib/web_console/templates/style.css.erb within layouts/inlined_string (0.4ms)
  Rendered /usr/local/lib/ruby/gems/2.2.0/gems/web-console-2.3.0/lib/web_console/templates/console.js.erb within layouts/javascript (56.3ms)
  Rendered /usr/local/lib/ruby/gems/2.2.0/gems/web-console-2.3.0/lib/web_console/templates/main.js.erb within layouts/javascript (0.4ms)
  Rendered /usr/local/lib/ruby/gems/2.2.0/gems/web-console-2.3.0/lib/web_console/templates/error_page.js.erb within layouts/javascript (0.5ms)
  Rendered /usr/local/lib/ruby/gems/2.2.0/gems/web-console-2.3.0/lib/web_console/templates/index.html.erb (120.5ms)


Started GET "/" for ::1 at 2016-03-21 16:12:30 +0100

ActionController::RoutingError (The controller-level `respond_to' feature has been extracted to the `responders` gem. Add it to your Gemfile to continue using this feature:
  gem 'responders', '~> 2.0'
Consult the Rails upgrade guide for details.):
  app/controllers/application_controller.rb:7:in `<class:ApplicationController>'
  app/controllers/application_controller.rb:1:in `<top (required)>'


  Rendered /usr/local/lib/ruby/gems/2.2.0/gems/actionpack-4.2.5.1/lib/action_dispatch/middleware/templates/rescues/_trace.html.erb (2.6ms)
  Rendered /usr/local/lib/ruby/gems/2.2.0/gems/actionpack-4.2.5.1/lib/action_dispatch/middleware/templates/routes/_route.html.erb (1.1ms)
  Rendered /usr/local/lib/ruby/gems/2.2.0/gems/actionpack-4.2.5.1/lib/action_dispatch/middleware/templates/routes/_table.html.erb (1.4ms)
  Rendered /usr/local/lib/ruby/gems/2.2.0/gems/actionpack-4.2.5.1/lib/action_dispatch/middleware/templates/rescues/_request_and_response.html.erb (1.4ms)
  Rendered /usr/local/lib/ruby/gems/2.2.0/gems/actionpack-4.2.5.1/lib/action_dispatch/middleware/templates/rescues/routing_error.html.erb within rescues/layout (82.4ms)
  Rendered /usr/local/lib/ruby/gems/2.2.0/gems/web-console-2.3.0/lib/web_console/templates/_markup.html.erb (0.5ms)
  Rendered /usr/local/lib/ruby/gems/2.2.0/gems/web-console-2.3.0/lib/web_console/templates/_inner_console_markup.html.erb within layouts/inlined_string (0.4ms)
  Rendered /usr/local/lib/ruby/gems/2.2.0/gems/web-console-2.3.0/lib/web_console/templates/_prompt_box_markup.html.erb within layouts/inlined_string (0.5ms)
  Rendered /usr/local/lib/ruby/gems/2.2.0/gems/web-console-2.3.0/lib/web_console/templates/style.css.erb within layouts/inlined_string (0.4ms)
  Rendered /usr/local/lib/ruby/gems/2.2.0/gems/web-console-2.3.0/lib/web_console/templates/console.js.erb within layouts/javascript (53.2ms)
  Rendered /usr/local/lib/ruby/gems/2.2.0/gems/web-console-2.3.0/lib/web_console/templates/main.js.erb within layouts/javascript (0.3ms)
  Rendered /usr/local/lib/ruby/gems/2.2.0/gems/web-console-2.3.0/lib/web_console/templates/error_page.js.erb within layouts/javascript (0.4ms)
  Rendered /usr/local/lib/ruby/gems/2.2.0/gems/web-console-2.3.0/lib/web_console/templates/index.html.erb (116.4ms)


Started GET "/" for ::1 at 2016-03-21 16:15:05 +0100

ActionController::RoutingError (The controller-level `respond_to' feature has been extracted to the `responders` gem. Add it to your Gemfile to continue using this feature:
  gem 'responders', '~> 2.0'
Consult the Rails upgrade guide for details.):
  app/controllers/application_controller.rb:7:in `<class:ApplicationController>'
  app/controllers/application_controller.rb:1:in `<top (required)>'


  Rendered /usr/local/lib/ruby/gems/2.2.0/gems/actionpack-4.2.5.1/lib/action_dispatch/middleware/templates/rescues/_trace.html.erb (2.4ms)
  Rendered /usr/local/lib/ruby/gems/2.2.0/gems/actionpack-4.2.5.1/lib/action_dispatch/middleware/templates/routes/_route.html.erb (1.4ms)
  Rendered /usr/local/lib/ruby/gems/2.2.0/gems/actionpack-4.2.5.1/lib/action_dispatch/middleware/templates/routes/_table.html.erb (1.5ms)
  Rendered /usr/local/lib/ruby/gems/2.2.0/gems/actionpack-4.2.5.1/lib/action_dispatch/middleware/templates/rescues/_request_and_response.html.erb (1.7ms)
  Rendered /usr/local/lib/ruby/gems/2.2.0/gems/actionpack-4.2.5.1/lib/action_dispatch/middleware/templates/rescues/routing_error.html.erb within rescues/layout (85.0ms)
  Rendered /usr/local/lib/ruby/gems/2.2.0/gems/web-console-2.3.0/lib/web_console/templates/_markup.html.erb (0.5ms)
  Rendered /usr/local/lib/ruby/gems/2.2.0/gems/web-console-2.3.0/lib/web_console/templates/_inner_console_markup.html.erb within layouts/inlined_string (0.4ms)
  Rendered /usr/local/lib/ruby/gems/2.2.0/gems/web-console-2.3.0/lib/web_console/templates/_prompt_box_markup.html.erb within layouts/inlined_string (0.4ms)
  Rendered /usr/local/lib/ruby/gems/2.2.0/gems/web-console-2.3.0/lib/web_console/templates/style.css.erb within layouts/inlined_string (0.4ms)
  Rendered /usr/local/lib/ruby/gems/2.2.0/gems/web-console-2.3.0/lib/web_console/templates/console.js.erb within layouts/javascript (54.6ms)
  Rendered /usr/local/lib/ruby/gems/2.2.0/gems/web-console-2.3.0/lib/web_console/templates/main.js.erb within layouts/javascript (0.4ms)
  Rendered /usr/local/lib/ruby/gems/2.2.0/gems/web-console-2.3.0/lib/web_console/templates/error_page.js.erb within layouts/javascript (0.4ms)
  Rendered /usr/local/lib/ruby/gems/2.2.0/gems/web-console-2.3.0/lib/web_console/templates/index.html.erb (115.1ms)


Started GET "/" for ::1 at 2016-03-21 16:17:38 +0100
  [1m[36mActiveRecord::SchemaMigration Load (0.2ms)[0m  [1mSELECT "schema_migrations".* FROM "schema_migrations"[0m
Processing by ApplicationController#angular as HTML
  Rendered layouts/application.html.erb within layouts/application (310.3ms)
Completed 200 OK in 326ms (Views: 325.2ms | ActiveRecord: 0.0ms)


Started GET "/assets/bootstrap/dist/css/bootstrap.self-598365399e6ae8f5a456a189663bac8ef9b8996ace38626328403f280fd63400.css?body=1" for ::1 at 2016-03-21 16:17:39 +0100


Started GET "/assets/application.self-052e8f157e9a4be0b83d9779c9c525ade9eddd5524a516fc4abc27e06223fb5d.css?body=1" for ::1 at 2016-03-21 16:17:39 +0100


Started GET "/assets/angular-ui-router/release/angular-ui-router.self-0c002d1f8115d21a4b7a82980f422bfa3c96f7d704dcc34367283b0fe61c6717.js?body=1" for ::1 at 2016-03-21 16:17:39 +0100


Started GET "/assets/application.self-6a3cf5192354f71615ac51034b3e97c20eda99643fcaf5bbe6d41ad59bd12167.js?body=1" for ::1 at 2016-03-21 16:17:39 +0100


Started GET "/assets/app.self-5a77f0a887b38006935cf1c6daceee8e5689a85f0a4d90d6ec8972cd895b107d.js?body=1" for ::1 at 2016-03-21 16:17:39 +0100


Started GET "/assets/angular/angular.self-ec90f1bc6b0a1933fd10110a56f5146967f507e38fbbb985ba76b4c9af5bc83a.js?body=1" for ::1 at 2016-03-21 16:17:39 +0100


Started GET "/assets/bootstrap/dist/css/bootstrap.css.map" for ::1 at 2016-03-21 16:17:39 +0100


Started GET "/assets/bootstrap/dist/fonts/glyphicons-halflings-regular.woff2" for ::1 at 2016-03-21 16:17:39 +0100


Started GET "/" for ::1 at 2016-03-21 16:20:45 +0100
Processing by ApplicationController#angular as HTML
  Rendered layouts/application.html.erb within layouts/application (11.3ms)
Completed 200 OK in 23ms (Views: 22.8ms | ActiveRecord: 0.0ms)


Started GET "/assets/application.self-052e8f157e9a4be0b83d9779c9c525ade9eddd5524a516fc4abc27e06223fb5d.css?body=1" for ::1 at 2016-03-21 16:20:46 +0100


Started GET "/assets/angular/angular.self-ec90f1bc6b0a1933fd10110a56f5146967f507e38fbbb985ba76b4c9af5bc83a.js?body=1" for ::1 at 2016-03-21 16:20:46 +0100


Started GET "/assets/angular-ui-router/release/angular-ui-router.self-0c002d1f8115d21a4b7a82980f422bfa3c96f7d704dcc34367283b0fe61c6717.js?body=1" for ::1 at 2016-03-21 16:20:46 +0100


Started GET "/assets/bootstrap/dist/css/bootstrap.self-598365399e6ae8f5a456a189663bac8ef9b8996ace38626328403f280fd63400.css?body=1" for ::1 at 2016-03-21 16:20:46 +0100


Started GET "/assets/app.self-5a77f0a887b38006935cf1c6daceee8e5689a85f0a4d90d6ec8972cd895b107d.js?body=1" for ::1 at 2016-03-21 16:20:46 +0100


Started GET "/assets/application.self-6a3cf5192354f71615ac51034b3e97c20eda99643fcaf5bbe6d41ad59bd12167.js?body=1" for ::1 at 2016-03-21 16:20:46 +0100


Started GET "/assets/bootstrap/dist/css/bootstrap.css.map" for ::1 at 2016-03-21 16:20:46 +0100


Started GET "/assets/bootstrap/dist/fonts/glyphicons-halflings-regular.woff2" for ::1 at 2016-03-21 16:20:46 +0100


Started GET "/" for ::1 at 2016-03-21 16:38:25 +0100
Processing by ApplicationController#angular as HTML
  Rendered layouts/application.html.erb within layouts/application (243.3ms)
Completed 200 OK in 252ms (Views: 251.8ms | ActiveRecord: 0.0ms)


Started GET "/assets/bootstrap/dist/css/bootstrap.self-598365399e6ae8f5a456a189663bac8ef9b8996ace38626328403f280fd63400.css?body=1" for ::1 at 2016-03-21 16:38:25 +0100


Started GET "/assets/application.self-052e8f157e9a4be0b83d9779c9c525ade9eddd5524a516fc4abc27e06223fb5d.css?body=1" for ::1 at 2016-03-21 16:38:25 +0100


Started GET "/assets/app.self-aac814dc26c0b27701b9f8360c27673bfe9670df91472bb54563a21c37d57f7e.js?body=1" for ::1 at 2016-03-21 16:38:25 +0100


Started GET "/assets/angular-ui-router/release/angular-ui-router.self-0c002d1f8115d21a4b7a82980f422bfa3c96f7d704dcc34367283b0fe61c6717.js?body=1" for ::1 at 2016-03-21 16:38:25 +0100


Started GET "/assets/angular/angular.self-ec90f1bc6b0a1933fd10110a56f5146967f507e38fbbb985ba76b4c9af5bc83a.js?body=1" for ::1 at 2016-03-21 16:38:25 +0100


Started GET "/assets/application.self-6a3cf5192354f71615ac51034b3e97c20eda99643fcaf5bbe6d41ad59bd12167.js?body=1" for ::1 at 2016-03-21 16:38:25 +0100


Started GET "/assets/bootstrap/dist/css/bootstrap.css.map" for ::1 at 2016-03-21 16:38:25 +0100


Started GET "/assets/bootstrap/dist/fonts/glyphicons-halflings-regular.woff2" for ::1 at 2016-03-21 16:38:26 +0100


Started GET "/" for ::1 at 2016-03-21 16:38:43 +0100
Processing by ApplicationController#angular as HTML
  Rendered layouts/application.html.erb within layouts/application (253.6ms)
Completed 200 OK in 263ms (Views: 263.3ms | ActiveRecord: 0.0ms)


Started GET "/assets/bootstrap/dist/css/bootstrap.self-598365399e6ae8f5a456a189663bac8ef9b8996ace38626328403f280fd63400.css?body=1" for ::1 at 2016-03-21 16:38:43 +0100


Started GET "/assets/application.self-052e8f157e9a4be0b83d9779c9c525ade9eddd5524a516fc4abc27e06223fb5d.css?body=1" for ::1 at 2016-03-21 16:38:44 +0100


Started GET "/assets/angular-ui-router/release/angular-ui-router.self-0c002d1f8115d21a4b7a82980f422bfa3c96f7d704dcc34367283b0fe61c6717.js?body=1" for ::1 at 2016-03-21 16:38:44 +0100


Started GET "/assets/angular/angular.self-ec90f1bc6b0a1933fd10110a56f5146967f507e38fbbb985ba76b4c9af5bc83a.js?body=1" for ::1 at 2016-03-21 16:38:44 +0100


Started GET "/assets/app.self-a6325e0b7b5e1a3c9b31e522721afe103c60e2fce9b51a84325152809655b264.js?body=1" for ::1 at 2016-03-21 16:38:44 +0100


Started GET "/assets/application.self-6a3cf5192354f71615ac51034b3e97c20eda99643fcaf5bbe6d41ad59bd12167.js?body=1" for ::1 at 2016-03-21 16:38:44 +0100


Started GET "/assets/bootstrap/dist/css/bootstrap.css.map" for ::1 at 2016-03-21 16:38:44 +0100


Started GET "/assets/bootstrap/dist/fonts/glyphicons-halflings-regular.woff2" for ::1 at 2016-03-21 16:38:44 +0100


Started GET "/" for ::1 at 2016-03-21 16:38:58 +0100
Processing by ApplicationController#angular as HTML
  Rendered layouts/application.html.erb within layouts/application (229.4ms)
Completed 200 OK in 237ms (Views: 236.5ms | ActiveRecord: 0.0ms)


Started GET "/assets/bootstrap/dist/css/bootstrap.self-598365399e6ae8f5a456a189663bac8ef9b8996ace38626328403f280fd63400.css?body=1" for ::1 at 2016-03-21 16:38:58 +0100


Started GET "/assets/application.self-052e8f157e9a4be0b83d9779c9c525ade9eddd5524a516fc4abc27e06223fb5d.css?body=1" for ::1 at 2016-03-21 16:38:58 +0100


Started GET "/assets/angular/angular.self-ec90f1bc6b0a1933fd10110a56f5146967f507e38fbbb985ba76b4c9af5bc83a.js?body=1" for ::1 at 2016-03-21 16:38:58 +0100


Started GET "/assets/angular-ui-router/release/angular-ui-router.self-0c002d1f8115d21a4b7a82980f422bfa3c96f7d704dcc34367283b0fe61c6717.js?body=1" for ::1 at 2016-03-21 16:38:58 +0100


Started GET "/assets/application.self-6a3cf5192354f71615ac51034b3e97c20eda99643fcaf5bbe6d41ad59bd12167.js?body=1" for ::1 at 2016-03-21 16:38:58 +0100


Started GET "/assets/app.self-1515d9507d9d1b1e012bcef1ec7500fc7fa581d7b04158bf1de0592d5aee0912.js?body=1" for ::1 at 2016-03-21 16:38:58 +0100


Started GET "/assets/bootstrap/dist/css/bootstrap.css.map" for ::1 at 2016-03-21 16:38:58 +0100


Started GET "/assets/bootstrap/dist/fonts/glyphicons-halflings-regular.woff2" for ::1 at 2016-03-21 16:38:58 +0100
